2025-05-06 10:45:49,271 - __main__ - INFO - === 开始同步代码库 ===
2025-05-06 10:45:49,272 - __main__ - INFO - 步骤1: 加载配置...
2025-05-06 10:45:49,273 - __main__ - INFO - 成功加载配置
2025-05-06 10:45:49,274 - __main__ - INFO - 
步骤2: 初始化数据库...
2025-05-06 10:45:49,274 - __main__ - INFO - 正在初始化数据库表结构...
2025-05-06 10:45:49,352 - __main__ - INFO - 数据库表结构初始化成功
2025-05-06 10:45:49,353 - __main__ - INFO - 
步骤3: 获取代码库列表...
2025-05-06 10:45:49,353 - __main__ - INFO - 开始获取代码库列表...
2025-05-06 10:45:49,354 - __main__ - DEBUG - 发送请求，组织ID: 677fa072d530afe31a8739b4, 页码: 1
2025-05-06 10:45:50,049 - __main__ - INFO - 成功获取到 37 个代码库
2025-05-06 10:45:50,050 - __main__ - INFO - 
步骤4: 保存代码库信息到数据库...
2025-05-06 10:45:50,050 - __main__ - INFO - 正在保存 37 个代码库信息到数据库...
2025-05-06 10:45:50,353 - __main__ - INFO - 成功保存 37 个代码库信息到数据库
2025-05-06 10:45:50,353 - __main__ - INFO - 成功存储 37 个代码库信息
2025-05-06 10:45:50,353 - __main__ - INFO - 
步骤5: 获取需要同步的代码库...
2025-05-06 10:45:50,354 - __main__ - INFO - 正在获取需要同步的代码库列表...
2025-05-06 10:45:50,399 - __main__ - INFO - 获取到 37 个需要同步的代码库
2025-05-06 10:45:50,399 - __main__ - INFO - 
步骤6: 开始触发同步...
2025-05-06 10:45:50,399 - __main__ - INFO - 正在触发代码库 4917955 的同步...
2025-05-06 10:45:50,500 - __main__ - INFO - 成功触发代码库 4917955 的同步
2025-05-06 10:45:50,543 - __main__ - INFO - 正在触发代码库 4917957 的同步...
2025-05-06 10:45:50,658 - __main__ - INFO - 成功触发代码库 4917957 的同步
2025-05-06 10:45:50,728 - __main__ - INFO - 正在触发代码库 5196584 的同步...
2025-05-06 10:45:50,846 - __main__ - INFO - 成功触发代码库 5196584 的同步
2025-05-06 10:45:50,891 - __main__ - INFO - 正在触发代码库 5196588 的同步...
2025-05-06 10:45:51,010 - __main__ - INFO - 成功触发代码库 5196588 的同步
2025-05-06 10:45:51,073 - __main__ - INFO - 正在触发代码库 5196590 的同步...
2025-05-06 10:45:51,193 - __main__ - INFO - 成功触发代码库 5196590 的同步
2025-05-06 10:45:51,283 - __main__ - INFO - 正在触发代码库 5196591 的同步...
2025-05-06 10:45:51,405 - __main__ - INFO - 成功触发代码库 5196591 的同步
2025-05-06 10:45:51,571 - __main__ - INFO - 正在触发代码库 5196596 的同步...
2025-05-06 10:45:51,692 - __main__ - INFO - 成功触发代码库 5196596 的同步
2025-05-06 10:45:51,767 - __main__ - INFO - 正在触发代码库 5196597 的同步...
2025-05-06 10:45:51,897 - __main__ - INFO - 成功触发代码库 5196597 的同步
2025-05-06 10:45:51,964 - __main__ - INFO - 正在触发代码库 5196599 的同步...
2025-05-06 10:45:52,088 - __main__ - INFO - 成功触发代码库 5196599 的同步
2025-05-06 10:45:52,138 - __main__ - INFO - 正在触发代码库 5196600 的同步...
2025-05-06 10:45:52,254 - __main__ - INFO - 成功触发代码库 5196600 的同步
2025-05-06 10:45:52,324 - __main__ - INFO - 正在触发代码库 5196602 的同步...
2025-05-06 10:45:52,451 - __main__ - INFO - 成功触发代码库 5196602 的同步
2025-05-06 10:45:52,520 - __main__ - INFO - 正在触发代码库 5196604 的同步...
2025-05-06 10:45:52,626 - __main__ - INFO - 成功触发代码库 5196604 的同步
2025-05-06 10:45:52,699 - __main__ - INFO - 正在触发代码库 5196605 的同步...
2025-05-06 10:45:52,818 - __main__ - INFO - 成功触发代码库 5196605 的同步
2025-05-06 10:45:52,895 - __main__ - INFO - 正在触发代码库 5196606 的同步...
2025-05-06 10:45:53,007 - __main__ - INFO - 成功触发代码库 5196606 的同步
2025-05-06 10:45:53,071 - __main__ - INFO - 正在触发代码库 5196607 的同步...
2025-05-06 10:45:53,185 - __main__ - INFO - 成功触发代码库 5196607 的同步
2025-05-06 10:45:53,231 - __main__ - INFO - 正在触发代码库 5196608 的同步...
2025-05-06 10:45:53,352 - __main__ - INFO - 成功触发代码库 5196608 的同步
2025-05-06 10:45:53,406 - __main__ - INFO - 正在触发代码库 5196610 的同步...
2025-05-06 10:45:53,517 - __main__ - INFO - 成功触发代码库 5196610 的同步
2025-05-06 10:45:53,575 - __main__ - INFO - 正在触发代码库 5196611 的同步...
2025-05-06 10:45:53,697 - __main__ - INFO - 成功触发代码库 5196611 的同步
2025-05-06 10:45:53,765 - __main__ - INFO - 正在触发代码库 5196612 的同步...
2025-05-06 10:45:53,872 - __main__ - INFO - 成功触发代码库 5196612 的同步
2025-05-06 10:45:53,955 - __main__ - INFO - 正在触发代码库 5196613 的同步...
2025-05-06 10:45:54,107 - __main__ - INFO - 成功触发代码库 5196613 的同步
2025-05-06 10:45:54,175 - __main__ - INFO - 正在触发代码库 5196615 的同步...
2025-05-06 10:45:54,296 - __main__ - INFO - 成功触发代码库 5196615 的同步
2025-05-06 10:45:54,365 - __main__ - INFO - 正在触发代码库 5196616 的同步...
2025-05-06 10:45:54,479 - __main__ - INFO - 成功触发代码库 5196616 的同步
2025-05-06 10:45:54,528 - __main__ - INFO - 正在触发代码库 5196618 的同步...
2025-05-06 10:45:54,645 - __main__ - INFO - 成功触发代码库 5196618 的同步
2025-05-06 10:45:54,732 - __main__ - INFO - 正在触发代码库 5196620 的同步...
2025-05-06 10:45:54,844 - __main__ - INFO - 成功触发代码库 5196620 的同步
2025-05-06 10:45:54,910 - __main__ - INFO - 正在触发代码库 5196621 的同步...
2025-05-06 10:45:55,026 - __main__ - INFO - 成功触发代码库 5196621 的同步
2025-05-06 10:45:55,094 - __main__ - INFO - 正在触发代码库 5196622 的同步...
2025-05-06 10:45:55,206 - __main__ - INFO - 成功触发代码库 5196622 的同步
2025-05-06 10:45:55,268 - __main__ - INFO - 正在触发代码库 5196624 的同步...
2025-05-06 10:45:55,378 - __main__ - INFO - 成功触发代码库 5196624 的同步
2025-05-06 10:45:55,442 - __main__ - INFO - 正在触发代码库 5196625 的同步...
2025-05-06 10:45:55,561 - __main__ - INFO - 成功触发代码库 5196625 的同步
2025-05-06 10:45:55,626 - __main__ - INFO - 正在触发代码库 5196627 的同步...
2025-05-06 10:45:55,742 - __main__ - INFO - 成功触发代码库 5196627 的同步
2025-05-06 10:45:55,822 - __main__ - INFO - 正在触发代码库 5196629 的同步...
2025-05-06 10:45:55,934 - __main__ - INFO - 成功触发代码库 5196629 的同步
2025-05-06 10:45:56,019 - __main__ - INFO - 正在触发代码库 5196631 的同步...
2025-05-06 10:45:56,125 - __main__ - INFO - 成功触发代码库 5196631 的同步
2025-05-06 10:45:56,168 - __main__ - INFO - 正在触发代码库 5196632 的同步...
2025-05-06 10:45:56,287 - __main__ - INFO - 成功触发代码库 5196632 的同步
2025-05-06 10:45:56,338 - __main__ - INFO - 正在触发代码库 5196633 的同步...
2025-05-06 10:45:56,453 - __main__ - INFO - 成功触发代码库 5196633 的同步
2025-05-06 10:45:56,527 - __main__ - INFO - 正在触发代码库 5196635 的同步...
2025-05-06 10:45:56,641 - __main__ - INFO - 成功触发代码库 5196635 的同步
2025-05-06 10:45:56,701 - __main__ - INFO - 正在触发代码库 5196637 的同步...
2025-05-06 10:45:56,821 - __main__ - INFO - 成功触发代码库 5196637 的同步
2025-05-06 10:45:56,895 - __main__ - INFO - 正在触发代码库 5196638 的同步...
2025-05-06 10:45:57,032 - __main__ - INFO - 成功触发代码库 5196638 的同步
2025-05-06 10:45:57,106 - __main__ - INFO - 正在触发代码库 5196641 的同步...
2025-05-06 10:45:57,217 - __main__ - INFO - 成功触发代码库 5196641 的同步
2025-05-06 10:45:57,279 - __main__ - INFO - 
成功触发 37 个代码库的同步
2025-05-06 10:45:57,280 - __main__ - INFO - 
=== 代码库同步完成 ===
2025-05-06 10:45:57,281 - alibabacloud_credentials.provider.refreshable - DEBUG - Shutting down executor...
2025-05-07 11:53:56,426 - __main__ - INFO - === 开始同步代码库 ===
2025-05-07 11:53:56,427 - __main__ - INFO - 步骤1: 加载配置...
2025-05-07 11:53:56,428 - __main__ - INFO - 成功加载配置
2025-05-07 11:53:56,429 - __main__ - INFO - 
步骤2: 初始化数据库...
2025-05-07 11:53:56,429 - __main__ - INFO - 正在初始化数据库表结构...
2025-05-07 11:53:56,510 - __main__ - INFO - 数据库表结构初始化成功
2025-05-07 11:53:56,510 - __main__ - INFO - 
步骤3: 获取代码库列表...
2025-05-07 11:53:56,511 - __main__ - INFO - 开始获取代码库列表...
2025-05-07 11:53:56,511 - __main__ - DEBUG - 发送请求，组织ID: 677fa072d530afe31a8739b4, 页码: 1
2025-05-07 11:53:57,203 - __main__ - INFO - 成功获取到 37 个代码库
2025-05-07 11:53:57,204 - __main__ - INFO - 
步骤4: 保存代码库信息到数据库...
2025-05-07 11:53:57,204 - __main__ - INFO - 正在保存 37 个代码库信息到数据库...
2025-05-07 11:53:57,664 - __main__ - INFO - 成功保存 37 个代码库信息到数据库
2025-05-07 11:53:57,664 - __main__ - INFO - 成功存储 37 个代码库信息
2025-05-07 11:53:57,664 - __main__ - INFO - 
步骤5: 获取需要同步的代码库...
2025-05-07 11:53:57,664 - __main__ - INFO - 正在获取需要同步的代码库列表...
2025-05-07 11:53:57,727 - __main__ - INFO - 获取到 37 个需要同步的代码库
2025-05-07 11:53:57,728 - __main__ - INFO - 
步骤6: 开始触发同步...
2025-05-07 11:53:57,728 - __main__ - INFO - 正在触发代码库 4917955 的同步...
2025-05-07 11:53:57,829 - __main__ - INFO - 成功触发代码库 4917955 的同步
2025-05-07 11:53:57,896 - __main__ - INFO - 正在触发代码库 4917957 的同步...
2025-05-07 11:53:58,025 - __main__ - INFO - 成功触发代码库 4917957 的同步
2025-05-07 11:53:58,071 - __main__ - INFO - 正在触发代码库 5196584 的同步...
2025-05-07 11:53:58,189 - __main__ - INFO - 成功触发代码库 5196584 的同步
2025-05-07 11:53:58,256 - __main__ - INFO - 正在触发代码库 5196588 的同步...
2025-05-07 11:53:58,378 - __main__ - INFO - 成功触发代码库 5196588 的同步
2025-05-07 11:53:58,459 - __main__ - INFO - 正在触发代码库 5196590 的同步...
2025-05-07 11:53:58,576 - __main__ - INFO - 成功触发代码库 5196590 的同步
2025-05-07 11:53:58,641 - __main__ - INFO - 正在触发代码库 5196591 的同步...
2025-05-07 11:53:58,755 - __main__ - INFO - 成功触发代码库 5196591 的同步
2025-05-07 11:53:58,901 - __main__ - INFO - 正在触发代码库 5196596 的同步...
2025-05-07 11:53:59,010 - __main__ - INFO - 成功触发代码库 5196596 的同步
2025-05-07 11:53:59,095 - __main__ - INFO - 正在触发代码库 5196597 的同步...
2025-05-07 11:53:59,213 - __main__ - INFO - 成功触发代码库 5196597 的同步
2025-05-07 11:53:59,273 - __main__ - INFO - 正在触发代码库 5196599 的同步...
2025-05-07 11:53:59,392 - __main__ - INFO - 成功触发代码库 5196599 的同步
2025-05-07 11:53:59,454 - __main__ - INFO - 正在触发代码库 5196600 的同步...
2025-05-07 11:53:59,563 - __main__ - INFO - 成功触发代码库 5196600 的同步
2025-05-07 11:53:59,705 - __main__ - INFO - 正在触发代码库 5196602 的同步...
2025-05-07 11:53:59,817 - __main__ - INFO - 成功触发代码库 5196602 的同步
2025-05-07 11:53:59,913 - __main__ - INFO - 正在触发代码库 5196604 的同步...
2025-05-07 11:54:00,050 - __main__ - INFO - 成功触发代码库 5196604 的同步
2025-05-07 11:54:00,122 - __main__ - INFO - 正在触发代码库 5196605 的同步...
2025-05-07 11:54:00,235 - __main__ - INFO - 成功触发代码库 5196605 的同步
2025-05-07 11:54:00,296 - __main__ - INFO - 正在触发代码库 5196606 的同步...
2025-05-07 11:54:00,410 - __main__ - INFO - 成功触发代码库 5196606 的同步
2025-05-07 11:54:00,488 - __main__ - INFO - 正在触发代码库 5196607 的同步...
2025-05-07 11:54:00,604 - __main__ - INFO - 成功触发代码库 5196607 的同步
2025-05-07 11:54:00,654 - __main__ - INFO - 正在触发代码库 5196608 的同步...
2025-05-07 11:54:00,783 - __main__ - INFO - 成功触发代码库 5196608 的同步
2025-05-07 11:54:00,823 - __main__ - INFO - 正在触发代码库 5196610 的同步...
2025-05-07 11:54:00,952 - __main__ - INFO - 成功触发代码库 5196610 的同步
2025-05-07 11:54:01,017 - __main__ - INFO - 正在触发代码库 5196611 的同步...
2025-05-07 11:54:01,142 - __main__ - INFO - 成功触发代码库 5196611 的同步
2025-05-07 11:54:01,202 - __main__ - INFO - 正在触发代码库 5196612 的同步...
2025-05-07 11:54:01,324 - __main__ - INFO - 成功触发代码库 5196612 的同步
2025-05-07 11:54:01,397 - __main__ - INFO - 正在触发代码库 5196613 的同步...
2025-05-07 11:54:01,503 - __main__ - INFO - 成功触发代码库 5196613 的同步
2025-05-07 11:54:01,556 - __main__ - INFO - 正在触发代码库 5196615 的同步...
2025-05-07 11:54:01,675 - __main__ - INFO - 成功触发代码库 5196615 的同步
2025-05-07 11:54:01,739 - __main__ - INFO - 正在触发代码库 5196616 的同步...
2025-05-07 11:54:01,846 - __main__ - INFO - 成功触发代码库 5196616 的同步
2025-05-07 11:54:01,911 - __main__ - INFO - 正在触发代码库 5196618 的同步...
2025-05-07 11:54:02,021 - __main__ - INFO - 成功触发代码库 5196618 的同步
2025-05-07 11:54:02,069 - __main__ - INFO - 正在触发代码库 5196620 的同步...
2025-05-07 11:54:02,191 - __main__ - INFO - 成功触发代码库 5196620 的同步
2025-05-07 11:54:02,274 - __main__ - INFO - 正在触发代码库 5196621 的同步...
2025-05-07 11:54:02,382 - __main__ - INFO - 成功触发代码库 5196621 的同步
2025-05-07 11:54:02,451 - __main__ - INFO - 正在触发代码库 5196622 的同步...
2025-05-07 11:54:02,582 - __main__ - INFO - 成功触发代码库 5196622 的同步
2025-05-07 11:54:02,645 - __main__ - INFO - 正在触发代码库 5196624 的同步...
2025-05-07 11:54:02,762 - __main__ - INFO - 成功触发代码库 5196624 的同步
2025-05-07 11:54:02,883 - __main__ - INFO - 正在触发代码库 5196625 的同步...
2025-05-07 11:54:02,997 - __main__ - INFO - 成功触发代码库 5196625 的同步
2025-05-07 11:54:03,128 - __main__ - INFO - 正在触发代码库 5196627 的同步...
2025-05-07 11:54:03,234 - __main__ - INFO - 成功触发代码库 5196627 的同步
2025-05-07 11:54:03,290 - __main__ - INFO - 正在触发代码库 5196629 的同步...
2025-05-07 11:54:03,399 - __main__ - INFO - 成功触发代码库 5196629 的同步
2025-05-07 11:54:03,467 - __main__ - INFO - 正在触发代码库 5196631 的同步...
2025-05-07 11:54:03,591 - __main__ - INFO - 成功触发代码库 5196631 的同步
2025-05-07 11:54:03,665 - __main__ - INFO - 正在触发代码库 5196632 的同步...
2025-05-07 11:54:03,776 - __main__ - INFO - 成功触发代码库 5196632 的同步
2025-05-07 11:54:03,843 - __main__ - INFO - 正在触发代码库 5196633 的同步...
2025-05-07 11:54:03,968 - __main__ - INFO - 成功触发代码库 5196633 的同步
2025-05-07 11:54:04,045 - __main__ - INFO - 正在触发代码库 5196635 的同步...
2025-05-07 11:54:04,158 - __main__ - INFO - 成功触发代码库 5196635 的同步
2025-05-07 11:54:04,309 - __main__ - INFO - 正在触发代码库 5196637 的同步...
2025-05-07 11:54:04,423 - __main__ - INFO - 成功触发代码库 5196637 的同步
2025-05-07 11:54:04,495 - __main__ - INFO - 正在触发代码库 5196638 的同步...
2025-05-07 11:54:04,596 - __main__ - INFO - 成功触发代码库 5196638 的同步
2025-05-07 11:54:04,650 - __main__ - INFO - 正在触发代码库 5196641 的同步...
2025-05-07 11:54:04,773 - __main__ - INFO - 成功触发代码库 5196641 的同步
2025-05-07 11:54:04,889 - __main__ - INFO - 
成功触发 37 个代码库的同步
2025-05-07 11:54:04,890 - __main__ - INFO - 
=== 代码库同步完成 ===
2025-05-07 11:54:04,891 - alibabacloud_credentials.provider.refreshable - DEBUG - Shutting down executor...
2025-05-08 18:11:07,697 - __main__ - INFO - === 开始同步代码库 ===
2025-05-08 18:11:07,697 - __main__ - INFO - 步骤1: 加载配置...
2025-05-08 18:11:07,697 - __main__ - INFO - 成功加载配置
2025-05-08 18:11:07,697 - __main__ - INFO - 
步骤2: 初始化数据库...
2025-05-08 18:11:07,698 - __main__ - INFO - 正在初始化数据库表结构...
2025-05-08 18:11:07,803 - __main__ - INFO - 数据库表结构初始化成功
2025-05-08 18:11:07,804 - __main__ - INFO - 
步骤3: 获取代码库列表...
2025-05-08 18:11:07,804 - __main__ - INFO - 开始获取代码库列表...
2025-05-08 18:11:07,804 - __main__ - DEBUG - 发送请求，组织ID: 677fa072d530afe31a8739b4, 页码: 1
2025-05-08 18:11:08,598 - __main__ - INFO - 成功获取到 37 个代码库
2025-05-08 18:11:08,598 - __main__ - INFO - 
步骤4: 保存代码库信息到数据库...
2025-05-08 18:11:08,598 - __main__ - INFO - 正在保存 37 个代码库信息到数据库...
2025-05-08 18:11:09,053 - __main__ - INFO - 成功保存 37 个代码库信息到数据库
2025-05-08 18:11:09,053 - __main__ - INFO - 成功存储 37 个代码库信息
2025-05-08 18:11:09,053 - __main__ - INFO - 
步骤5: 获取需要同步的代码库...
2025-05-08 18:11:09,053 - __main__ - INFO - 正在获取需要同步的代码库列表...
2025-05-08 18:11:09,113 - __main__ - INFO - 获取到 37 个需要同步的代码库
2025-05-08 18:11:09,113 - __main__ - INFO - 
步骤6: 开始触发同步...
2025-05-08 18:11:09,114 - __main__ - INFO - 正在触发代码库 4917955 的同步...
2025-05-08 18:11:09,202 - __main__ - INFO - 成功触发代码库 4917955 的同步
2025-05-08 18:11:09,269 - __main__ - INFO - 正在触发代码库 4917957 的同步...
2025-05-08 18:11:09,377 - __main__ - INFO - 成功触发代码库 4917957 的同步
2025-05-08 18:11:09,430 - __main__ - INFO - 正在触发代码库 5196584 的同步...
2025-05-08 18:11:09,536 - __main__ - INFO - 成功触发代码库 5196584 的同步
2025-05-08 18:11:09,576 - __main__ - INFO - 正在触发代码库 5196588 的同步...
2025-05-08 18:11:09,689 - __main__ - INFO - 成功触发代码库 5196588 的同步
2025-05-08 18:11:09,734 - __main__ - INFO - 正在触发代码库 5196590 的同步...
2025-05-08 18:11:09,831 - __main__ - INFO - 成功触发代码库 5196590 的同步
2025-05-08 18:11:09,918 - __main__ - INFO - 正在触发代码库 5196591 的同步...
2025-05-08 18:11:10,015 - __main__ - INFO - 成功触发代码库 5196591 的同步
2025-05-08 18:11:10,080 - __main__ - INFO - 正在触发代码库 5196596 的同步...
2025-05-08 18:11:10,187 - __main__ - INFO - 成功触发代码库 5196596 的同步
2025-05-08 18:11:10,234 - __main__ - INFO - 正在触发代码库 5196597 的同步...
2025-05-08 18:11:10,329 - __main__ - INFO - 成功触发代码库 5196597 的同步
2025-05-08 18:11:10,411 - __main__ - INFO - 正在触发代码库 5196599 的同步...
2025-05-08 18:11:10,521 - __main__ - INFO - 成功触发代码库 5196599 的同步
2025-05-08 18:11:10,588 - __main__ - INFO - 正在触发代码库 5196600 的同步...
2025-05-08 18:11:10,684 - __main__ - INFO - 成功触发代码库 5196600 的同步
2025-05-08 18:11:10,753 - __main__ - INFO - 正在触发代码库 5196602 的同步...
2025-05-08 18:11:10,857 - __main__ - INFO - 成功触发代码库 5196602 的同步
2025-05-08 18:11:10,916 - __main__ - INFO - 正在触发代码库 5196604 的同步...
2025-05-08 18:11:11,040 - __main__ - INFO - 成功触发代码库 5196604 的同步
2025-05-08 18:11:11,129 - __main__ - INFO - 正在触发代码库 5196605 的同步...
2025-05-08 18:11:11,251 - __main__ - INFO - 成功触发代码库 5196605 的同步
2025-05-08 18:11:11,317 - __main__ - INFO - 正在触发代码库 5196606 的同步...
2025-05-08 18:11:11,422 - __main__ - INFO - 成功触发代码库 5196606 的同步
2025-05-08 18:11:11,480 - __main__ - INFO - 正在触发代码库 5196607 的同步...
2025-05-08 18:11:11,611 - __main__ - INFO - 成功触发代码库 5196607 的同步
2025-05-08 18:11:11,709 - __main__ - INFO - 正在触发代码库 5196608 的同步...
2025-05-08 18:11:11,820 - __main__ - INFO - 成功触发代码库 5196608 的同步
2025-05-08 18:11:11,896 - __main__ - INFO - 正在触发代码库 5196610 的同步...
2025-05-08 18:11:11,997 - __main__ - INFO - 成功触发代码库 5196610 的同步
2025-05-08 18:11:12,047 - __main__ - INFO - 正在触发代码库 5196611 的同步...
2025-05-08 18:11:12,150 - __main__ - INFO - 成功触发代码库 5196611 的同步
2025-05-08 18:11:12,223 - __main__ - INFO - 正在触发代码库 5196612 的同步...
2025-05-08 18:11:12,341 - __main__ - INFO - 成功触发代码库 5196612 的同步
2025-05-08 18:11:12,395 - __main__ - INFO - 正在触发代码库 5196613 的同步...
2025-05-08 18:11:12,499 - __main__ - INFO - 成功触发代码库 5196613 的同步
2025-05-08 18:11:12,551 - __main__ - INFO - 正在触发代码库 5196615 的同步...
2025-05-08 18:11:12,660 - __main__ - INFO - 成功触发代码库 5196615 的同步
2025-05-08 18:11:12,725 - __main__ - INFO - 正在触发代码库 5196616 的同步...
2025-05-08 18:11:12,830 - __main__ - INFO - 成功触发代码库 5196616 的同步
2025-05-08 18:11:12,887 - __main__ - INFO - 正在触发代码库 5196618 的同步...
2025-05-08 18:11:13,000 - __main__ - INFO - 成功触发代码库 5196618 的同步
2025-05-08 18:11:13,089 - __main__ - INFO - 正在触发代码库 5196620 的同步...
2025-05-08 18:11:13,225 - __main__ - INFO - 成功触发代码库 5196620 的同步
2025-05-08 18:11:13,300 - __main__ - INFO - 正在触发代码库 5196621 的同步...
2025-05-08 18:11:13,400 - __main__ - INFO - 成功触发代码库 5196621 的同步
2025-05-08 18:11:13,480 - __main__ - INFO - 正在触发代码库 5196622 的同步...
2025-05-08 18:11:13,580 - __main__ - INFO - 成功触发代码库 5196622 的同步
2025-05-08 18:11:13,650 - __main__ - INFO - 正在触发代码库 5196624 的同步...
2025-05-08 18:11:13,765 - __main__ - INFO - 成功触发代码库 5196624 的同步
2025-05-08 18:11:13,859 - __main__ - INFO - 正在触发代码库 5196625 的同步...
2025-05-08 18:11:13,976 - __main__ - INFO - 成功触发代码库 5196625 的同步
2025-05-08 18:11:14,059 - __main__ - INFO - 正在触发代码库 5196627 的同步...
2025-05-08 18:11:14,164 - __main__ - INFO - 成功触发代码库 5196627 的同步
2025-05-08 18:11:14,207 - __main__ - INFO - 正在触发代码库 5196629 的同步...
2025-05-08 18:11:14,326 - __main__ - INFO - 成功触发代码库 5196629 的同步
2025-05-08 18:11:14,371 - __main__ - INFO - 正在触发代码库 5196631 的同步...
2025-05-08 18:11:14,469 - __main__ - INFO - 成功触发代码库 5196631 的同步
2025-05-08 18:11:14,523 - __main__ - INFO - 正在触发代码库 5196632 的同步...
2025-05-08 18:11:14,617 - __main__ - INFO - 成功触发代码库 5196632 的同步
2025-05-08 18:11:14,761 - __main__ - INFO - 正在触发代码库 5196633 的同步...
2025-05-08 18:11:14,857 - __main__ - INFO - 成功触发代码库 5196633 的同步
2025-05-08 18:11:15,020 - __main__ - INFO - 正在触发代码库 5196635 的同步...
2025-05-08 18:11:15,119 - __main__ - INFO - 成功触发代码库 5196635 的同步
2025-05-08 18:11:15,195 - __main__ - INFO - 正在触发代码库 5196637 的同步...
2025-05-08 18:11:15,298 - __main__ - INFO - 成功触发代码库 5196637 的同步
2025-05-08 18:11:15,360 - __main__ - INFO - 正在触发代码库 5196638 的同步...
2025-05-08 18:11:15,467 - __main__ - INFO - 成功触发代码库 5196638 的同步
2025-05-08 18:11:15,514 - __main__ - INFO - 正在触发代码库 5196641 的同步...
2025-05-08 18:11:15,610 - __main__ - INFO - 成功触发代码库 5196641 的同步
2025-05-08 18:11:15,666 - __main__ - INFO - 
成功触发 37 个代码库的同步
2025-05-08 18:11:15,667 - __main__ - INFO - 
=== 代码库同步完成 ===
2025-05-08 18:11:15,667 - alibabacloud_credentials.provider.refreshable - DEBUG - Shutting down executor...
